<?xml version="1.0" encoding="UTF-8"?>
<testng-results skipped="0" failed="0" ignored="0" total="2" passed="2">
  <reporter-output>
  </reporter-output>
  <suite name="Hemant Framework Suite1" duration-ms="8822" started-at="2018-10-29T10:37:45Z" finished-at="2018-10-29T10:37:54Z">
    <groups>
    </groups>
    <test name="Test for Login CRM" duration-ms="8822" started-at="2018-10-29T10:37:45Z" finished-at="2018-10-29T10:37:54Z">
      <class name="com.hemant.tests.LoginCRMTest">
        <test-method status="PASS" signature="setupTest()[pri:0, instance:com.hemant.tests.LoginCRMTest@428640fa]" name="setupTest" is-config="true" duration-ms="14" started-at="2018-10-29T10:37:45Z" finished-at="2018-10-29T10:37:45Z">
          <reporter-output>
          </reporter-output>
        </test-method> <!-- setupTest -->
        <test-method status="PASS" signature="LoginTest()[pri:1, instance:com.hemant.tests.LoginCRMTest@428640fa]" name="LoginTest" duration-ms="6699" started-at="2018-10-29T10:37:45Z" finished-at="2018-10-29T10:37:52Z">
          <reporter-output>
          </reporter-output>
        </test-method> <!-- LoginTest -->
        <test-method status="PASS" signature="verifyTitleTest()[pri:2, instance:com.hemant.tests.LoginCRMTest@428640fa]" name="verifyTitleTest" duration-ms="1361" started-at="2018-10-29T10:37:52Z" finished-at="2018-10-29T10:37:53Z">
          <reporter-output>
          </reporter-output>
        </test-method> <!-- verifyTitleTest -->
        <test-method status="PASS" signature="tearDown()[pri:0, instance:com.hemant.tests.LoginCRMTest@428640fa]" name="tearDown" is-config="true" duration-ms="713" started-at="2018-10-29T10:37:53Z" finished-at="2018-10-29T10:37:54Z">
          <reporter-output>
          </reporter-output>
        </test-method> <!-- tearDown -->
      </class> <!-- com.hemant.tests.LoginCRMTest -->
    </test> <!-- Test for Login CRM -->
  </suite> <!-- Hemant Framework Suite1 -->
</testng-results>
