<?xml version="1.0" encoding="UTF-8"?>
<!-- Generated by org.testng.reporters.JUnitXMLReporter -->
<testsuite hostname="Hemant-Vadher" ignored="0" name="Test" tests="2" failures="1" timestamp="27 Oct 2018 15:06:38 GMT" time="0.952" errors="0">
  <testcase name="@BeforeTest setupTest" time="0.193" classname="com.hemant.tests.LoginCRMTest">
    <failure type="java.lang.NullPointerException">
      <![CDATA[java.lang.NullPointerException
at com.hemant.tests.LoginCRMTest.setupTest(LoginCRMTest.java:22)
... Removed 24 stack frames]]>
    </failure>
  </testcase> <!-- @BeforeTest setupTest -->
  <testcase name="LoginTest" time="0.0" classname="com.hemant.tests.LoginCRMTest">
    <skipped/>
  </testcase> <!-- LoginTest -->
  <testcase name="LoginTest" time="0.014" classname="com.hemant.tests.LoginCRMTest">
    <failure type="java.lang.NullPointerException">
      <![CDATA[java.lang.NullPointerException
at com.hemant.listeners.TestListener.onTestSkipped(TestListener.java:70)
... Removed 23 stack frames]]>
    </failure>
  </testcase> <!-- LoginTest -->
</testsuite> <!-- Test -->
